<?xml version="1.0" encoding="UTF-8"?>
<!-- Generated by org.testng.reporters.JUnitReportReporter -->
<testsuite skipped="0" hostname="hp-PC" name="Day1.InvocationTimeout" tests="1" failures="0" timestamp="27 Jun 2020 08:14:18 GMT" time="0.047" errors="0">
  <testcase name="test" time="0.047" classname="Day1.InvocationTimeout"/>
</testsuite> <!-- Day1.InvocationTimeout -->
