<?xml version="1.0" encoding="UTF-8"?>
<!-- Generated by org.testng.reporters.JUnitReportReporter -->
<testsuite skipped="0" hostname="hp-PC" name="Day1.JavaScriptExecutor" tests="1" failures="0" timestamp="14 Jun 2020 06:04:49 GMT" time="18.886" errors="0">
  <testcase name="enterText" time="18.886" classname="Day1.JavaScriptExecutor"/>
</testsuite> <!-- Day1.JavaScriptExecutor -->
