<?xml version="1.0" encoding="UTF-8"?>
<!-- Generated by org.testng.reporters.JUnitReportReporter -->
<testsuite skipped="0" hostname="hp-PC" name="Day1.DropDownSorting" tests="1" failures="0" timestamp="26 Jun 2020 04:56:34 GMT" time="17.041" errors="0">
  <testcase name="validateSortingOrder" time="17.041" classname="Day1.DropDownSorting"/>
</testsuite> <!-- Day1.DropDownSorting -->
